<?xml version="1.0" encoding="utf-8" standalone="no"?>
<test-run start-time="2023-08-24 06:35:59Z">
  <command-line><![CDATA[C:\Mine\Software\NUnit.Console-3.15.4\bin\net6.0\nunit3-console.dll HealthRecordAutomation\bin\Debug\net6.0\HealthRecordAutomation.dll lists]]></command-line>
</test-run>